<?xml version="1.0" encoding="UTF-8"?>
<testsuite name="com.bandido.OptimizedRemoteControllerTest" tests="8" skipped="0" failures="0" errors="0" timestamp="2014-06-06T18:05:45" hostname="sreerajan.home" time="0.053">
  <properties/>
  <testcase name="TestCaseFour" classname="com.bandido.OptimizedRemoteControllerTest" time="0.0060"/>
  <testcase name="TestCaseOne" classname="com.bandido.OptimizedRemoteControllerTest" time="0.0010"/>
  <testcase name="TestCaseTwo" classname="com.bandido.OptimizedRemoteControllerTest" time="0.0020"/>
  <testcase name="TestCaseThree" classname="com.bandido.OptimizedRemoteControllerTest" time="0.0090"/>
  <testcase name="TestCaseFour" classname="com.bandido.OptimizedRemoteControllerTest" time="0.0040"/>
  <testcase name="TestCaseOne" classname="com.bandido.OptimizedRemoteControllerTest" time="0.0010"/>
  <testcase name="TestCaseTwo" classname="com.bandido.OptimizedRemoteControllerTest" time="0.0"/>
  <testcase name="TestCaseThree" classname="com.bandido.OptimizedRemoteControllerTest" time="0.0030"/>
  <system-out><![CDATA[]]></system-out>
  <system-err><![CDATA[]]></system-err>
</testsuite>
